This file contains any messages produced by compilers while
running configure, to aid debugging if configure makes a mistake.

It was created by mathview configure 1.0.0, which was
generated by GNU Autoconf 2.69.  Invocation command line was

  $ ../configure --prefix=/Users/n.mikhnenko/mathviewlib/build/../install --enable-qt=yes --enable-libxml2=yes --enable-custom-reader=no --enable-libxml2-reader=no --enable-gtk=no --enable-cairo=no --enable-glib=no

## --------- ##
## Platform. ##
## --------- ##

hostname = MacBook-Pro-nmikhnenko.local
uname -m = x86_64
uname -r = 18.2.0
uname -s = Darwin
uname -v = Darwin Kernel Version 18.2.0: Mon Nov 12 20:24:46 PST 2018; root:xnu-4903.231.4~2/RELEASE_X86_64

/usr/bin/uname -p = i386
/bin/uname -X     = unknown

/bin/arch              = unknown
/usr/bin/arch -k       = unknown
/usr/convex/getsysinfo = unknown
/usr/bin/hostinfo      = Mach kernel version:
	 Darwin Kernel Version 18.2.0: Mon Nov 12 20:24:46 PST 2018; root:xnu-4903.231.4~2/RELEASE_X86_64
Kernel configured for up to 4 processors.
2 processors are physically available.
4 processors are logically available.
Processor type: x86_64h (Intel x86-64h Haswell)
Processors active: 0 1 2 3
Primary memory available: 8.00 gigabytes
Default processor set: 365 tasks, 1908 threads, 4 processors
Load average: 5.09, Mach factor: 0.46
/bin/machine           = unknown
/usr/bin/oslevel       = unknown
/bin/universe          = unknown

PATH: /Library/Frameworks/Python.framework/Versions/3.7/bin
PATH: /usr/local/opt/icu4c/bin
PATH: /usr/local/bin
PATH: /usr/bin
PATH: /bin
PATH: /usr/sbin
PATH: /sbin
PATH: /opt/X11/bin


## ----------- ##
## Core tests. ##
## ----------- ##

configure:2399: checking for a BSD-compatible install
configure:2467: result: /usr/local/bin/ginstall -c
configure:2478: checking whether build environment is sane
configure:2533: result: yes
configure:2684: checking for a thread-safe mkdir -p
configure:2723: result: /usr/local/bin/gmkdir -p
configure:2730: checking for gawk
configure:2760: result: no
configure:2730: checking for mawk
configure:2760: result: no
configure:2730: checking for nawk
configure:2760: result: no
configure:2730: checking for awk
configure:2746: found /usr/bin/awk
configure:2757: result: awk
configure:2768: checking whether make sets $(MAKE)
configure:2790: result: yes
configure:2819: checking whether make supports nested variables
configure:2836: result: yes
configure:2973: checking whether make supports nested variables
configure:2990: result: yes
configure:3045: checking build system type
configure:3059: result: x86_64-apple-darwin18.2.0
configure:3079: checking host system type
configure:3092: result: x86_64-apple-darwin18.2.0
configure:3133: checking how to print strings
configure:3160: result: printf
configure:3185: checking whether make supports the include directive
configure:3200: make -f confmf.GNU && cat confinc.out
this is the am__doit target
configure:3203: $? = 0
configure:3222: result: yes (GNU style)
configure:3292: checking for gcc
configure:3308: found /usr/bin/gcc
configure:3319: result: gcc
configure:3548: checking for C compiler version
configure:3557: gcc --version >&5
Apple LLVM version 10.0.0 (clang-1000.11.45.5)
Target: x86_64-apple-darwin18.2.0
Thread model: posix
InstalledDir: /Applications/Xcode.app/Contents/Developer/Toolchains/XcodeDefault.xctoolchain/usr/bin
Configured with: --prefix=/Applications/Xcode.app/Contents/Developer/usr --with-gxx-include-dir=/usr/include/c++/4.2.1
configure:3568: $? = 0
configure:3557: gcc -v >&5
Configured with: --prefix=/Applications/Xcode.app/Contents/Developer/usr --with-gxx-include-dir=/usr/include/c++/4.2.1
Apple LLVM version 10.0.0 (clang-1000.11.45.5)
Target: x86_64-apple-darwin18.2.0
Thread model: posix
InstalledDir: /Applications/Xcode.app/Contents/Developer/Toolchains/XcodeDefault.xctoolchain/usr/bin
configure:3568: $? = 0
configure:3557: gcc -V >&5
clang: error: argument to '-V' is missing (expected 1 value)
clang: error: no input files
configure:3568: $? = 1
configure:3557: gcc -qversion >&5
clang: error: unknown argument: '-qversion'
clang: error: no input files
configure:3568: $? = 1
configure:3588: checking whether the C compiler works
configure:3610: gcc    conftest.c  >&5
configure:3614: $? = 0
configure:3662: result: yes
configure:3665: checking for C compiler default output file name
configure:3667: result: a.out
configure:3673: checking for suffix of executables
configure:3680: gcc -o conftest    conftest.c  >&5
configure:3684: $? = 0
configure:3706: result: 
configure:3728: checking whether we are cross compiling
configure:3736: gcc -o conftest    conftest.c  >&5
configure:3740: $? = 0
configure:3747: ./conftest
configure:3751: $? = 0
configure:3766: result: no
configure:3771: checking for suffix of object files
configure:3793: gcc -c   conftest.c >&5
configure:3797: $? = 0
configure:3818: result: o
configure:3822: checking whether we are using the GNU C compiler
configure:3841: gcc -c   conftest.c >&5
configure:3841: $? = 0
configure:3850: result: yes
configure:3859: checking whether gcc accepts -g
configure:3879: gcc -c -g  conftest.c >&5
configure:3879: $? = 0
configure:3920: result: yes
configure:3937: checking for gcc option to accept ISO C89
configure:4000: gcc  -c -g -O2  conftest.c >&5
configure:4000: $? = 0
configure:4013: result: none needed
configure:4038: checking whether gcc understands -c and -o together
configure:4060: gcc -c conftest.c -o conftest2.o
configure:4063: $? = 0
configure:4060: gcc -c conftest.c -o conftest2.o
configure:4063: $? = 0
configure:4075: result: yes
configure:4094: checking dependency style of gcc
configure:4205: result: gcc3
configure:4220: checking for a sed that does not truncate output
configure:4284: result: /usr/bin/sed
configure:4302: checking for grep that handles long lines and -e
configure:4360: result: /usr/bin/grep
configure:4365: checking for egrep
configure:4427: result: /usr/bin/grep -E
configure:4432: checking for fgrep
configure:4494: result: /usr/bin/grep -F
configure:4529: checking for ld used by gcc
configure:4596: result: /Applications/Xcode.app/Contents/Developer/Toolchains/XcodeDefault.xctoolchain/usr/bin/ld
configure:4603: checking if the linker (/Applications/Xcode.app/Contents/Developer/Toolchains/XcodeDefault.xctoolchain/usr/bin/ld) is GNU ld
configure:4618: result: no
configure:4630: checking for BSD- or MS-compatible name lister (nm)
configure:4684: result: /usr/bin/nm -B
configure:4814: checking the name lister (/usr/bin/nm -B) interface
configure:4821: gcc -c -g -O2  conftest.c >&5
configure:4824: /usr/bin/nm -B "conftest.o"
configure:4827: output
00000000000001d4 S _some_variable
configure:4834: result: BSD nm
configure:4837: checking whether ln -s works
configure:4841: result: yes
configure:4849: checking the maximum length of command line arguments
configure:4980: result: 196608
configure:5028: checking how to convert x86_64-apple-darwin18.2.0 file names to x86_64-apple-darwin18.2.0 format
configure:5068: result: func_convert_file_noop
configure:5075: checking how to convert x86_64-apple-darwin18.2.0 file names to toolchain format
configure:5095: result: func_convert_file_noop
configure:5102: checking for /Applications/Xcode.app/Contents/Developer/Toolchains/XcodeDefault.xctoolchain/usr/bin/ld option to reload object files
configure:5109: result: -r
configure:5183: checking for objdump
configure:5199: found /usr/bin/objdump
configure:5210: result: objdump
configure:5242: checking how to recognize dependent libraries
configure:5442: result: pass_all
configure:5527: checking for dlltool
configure:5557: result: no
configure:5587: checking how to associate runtime and link libraries
configure:5614: result: printf %s\n
configure:5675: checking for ar
configure:5691: found /usr/bin/ar
configure:5702: result: ar
configure:5739: checking for archiver @FILE support
configure:5756: gcc -c -g -O2  conftest.c >&5
configure:5756: $? = 0
configure:5759: ar cru libconftest.a @conftest.lst >&5
ar: @conftest.lst: No such file or directory
configure:5762: $? = 1
configure:5782: result: no
configure:5840: checking for strip
configure:5856: found /usr/bin/strip
configure:5867: result: strip
configure:5939: checking for ranlib
configure:5955: found /usr/bin/ranlib
configure:5966: result: ranlib
configure:6068: checking command to parse /usr/bin/nm -B output from gcc object
configure:6221: gcc -c -g -O2  conftest.c >&5
configure:6224: $? = 0
configure:6228: /usr/bin/nm -B conftest.o \| sed -n -e 's/^.*[ ]\([BCDEGRST][BCDEGRST]*\)[ ][ ]*\([_A-Za-z][_A-Za-z0-9]*\)$/\1 \2 \2/p' | sed '/ __gnu_lto/d' \> conftest.nm
configure:6231: $? = 0
cannot find nm_test_var in conftest.nm
configure:6221: gcc -c -g -O2  conftest.c >&5
configure:6224: $? = 0
configure:6228: /usr/bin/nm -B conftest.o \| sed -n -e 's/^.*[ ]\([BCDEGRST][BCDEGRST]*\)[ ][ ]*_\([_A-Za-z][_A-Za-z0-9]*\)$/\1 _\2 \2/p' | sed '/ __gnu_lto/d' \> conftest.nm
configure:6231: $? = 0
configure:6297: gcc -o conftest -g -O2   conftest.c conftstm.o >&5
warning: (x86_64)  could not find object file symbol for symbol _main
configure:6300: $? = 0
configure:6338: result: ok
configure:6385: checking for sysroot
configure:6415: result: no
configure:6422: checking for a working dd
configure:6460: result: /bin/dd
configure:6464: checking how to truncate binary pipes
configure:6479: result: /bin/dd bs=4096 count=1
configure:6808: checking for mt
configure:6838: result: no
configure:6858: checking if : is a manifest tool
configure:6864: : '-?'
configure:6872: result: no
configure:6928: checking for dsymutil
configure:6944: found /usr/bin/dsymutil
configure:6955: result: dsymutil
configure:7020: checking for nmedit
configure:7036: found /usr/bin/nmedit
configure:7047: result: nmedit
configure:7112: checking for lipo
configure:7128: found /usr/bin/lipo
configure:7139: result: lipo
configure:7204: checking for otool
configure:7220: found /usr/bin/otool
configure:7231: result: otool
configure:7296: checking for otool64
configure:7326: result: no
configure:7371: checking for -single_module linker flag
gcc -g -O2  -o libconftest.dylib -dynamiclib -Wl,-single_module conftest.c
configure:7404: result: yes
configure:7407: checking for -exported_symbols_list linker flag
configure:7427: gcc -o conftest -g -O2   -Wl,-exported_symbols_list,conftest.sym conftest.c  >&5
configure:7427: $? = 0
configure:7437: result: yes
configure:7440: checking for -force_load linker flag
gcc -g -O2 -c -o conftest.o conftest.c
ar cru libconftest.a conftest.o
ranlib libconftest.a
gcc -g -O2  -o conftest conftest.c -Wl,-force_load,./libconftest.a
configure:7472: result: yes
configure:7549: checking how to run the C preprocessor
configure:7580: gcc -E  conftest.c
configure:7580: $? = 0
configure:7594: gcc -E  conftest.c
conftest.c:11:10: fatal error: 'ac_nonexistent.h' file not found
#include <ac_nonexistent.h>
         ^~~~~~~~~~~~~~~~~~
1 error generated.
configure:7594: $? = 1
configure: failed program was:
| /* confdefs.h */
| #define PACKAGE_NAME "mathview"
| #define PACKAGE_TARNAME "mathview"
| #define PACKAGE_VERSION "1.0.0"
| #define PACKAGE_STRING "mathview 1.0.0"
| #define PACKAGE_BUGREPORT ""
| #define PACKAGE_URL ""
| #define PACKAGE "mathview"
| #define VERSION "1.0.0"
| /* end confdefs.h.  */
| #include <ac_nonexistent.h>
configure:7619: result: gcc -E
configure:7639: gcc -E  conftest.c
configure:7639: $? = 0
configure:7653: gcc -E  conftest.c
conftest.c:11:10: fatal error: 'ac_nonexistent.h' file not found
#include <ac_nonexistent.h>
         ^~~~~~~~~~~~~~~~~~
1 error generated.
configure:7653: $? = 1
configure: failed program was:
| /* confdefs.h */
| #define PACKAGE_NAME "mathview"
| #define PACKAGE_TARNAME "mathview"
| #define PACKAGE_VERSION "1.0.0"
| #define PACKAGE_STRING "mathview 1.0.0"
| #define PACKAGE_BUGREPORT ""
| #define PACKAGE_URL ""
| #define PACKAGE "mathview"
| #define VERSION "1.0.0"
| /* end confdefs.h.  */
| #include <ac_nonexistent.h>
configure:7682: checking for ANSI C header files
configure:7702: gcc -c -g -O2  conftest.c >&5
configure:7702: $? = 0
configure:7775: gcc -o conftest -g -O2   conftest.c  >&5
configure:7775: $? = 0
configure:7775: ./conftest
configure:7775: $? = 0
configure:7786: result: yes
configure:7799: checking for sys/types.h
configure:7799: gcc -c -g -O2  conftest.c >&5
configure:7799: $? = 0
configure:7799: result: yes
configure:7799: checking for sys/stat.h
configure:7799: gcc -c -g -O2  conftest.c >&5
configure:7799: $? = 0
configure:7799: result: yes
configure:7799: checking for stdlib.h
configure:7799: gcc -c -g -O2  conftest.c >&5
configure:7799: $? = 0
configure:7799: result: yes
configure:7799: checking for string.h
configure:7799: gcc -c -g -O2  conftest.c >&5
configure:7799: $? = 0
configure:7799: result: yes
configure:7799: checking for memory.h
configure:7799: gcc -c -g -O2  conftest.c >&5
configure:7799: $? = 0
configure:7799: result: yes
configure:7799: checking for strings.h
configure:7799: gcc -c -g -O2  conftest.c >&5
configure:7799: $? = 0
configure:7799: result: yes
configure:7799: checking for inttypes.h
configure:7799: gcc -c -g -O2  conftest.c >&5
configure:7799: $? = 0
configure:7799: result: yes
configure:7799: checking for stdint.h
configure:7799: gcc -c -g -O2  conftest.c >&5
configure:7799: $? = 0
configure:7799: result: yes
configure:7799: checking for unistd.h
configure:7799: gcc -c -g -O2  conftest.c >&5
configure:7799: $? = 0
configure:7799: result: yes
configure:7813: checking for dlfcn.h
configure:7813: gcc -c -g -O2  conftest.c >&5
configure:7813: $? = 0
configure:7813: result: yes
configure:8069: checking for objdir
configure:8084: result: .libs
configure:8348: checking if gcc supports -fno-rtti -fno-exceptions
configure:8366: gcc -c -g -O2  -fno-rtti -fno-exceptions conftest.c >&5
configure:8370: $? = 0
configure:8383: result: yes
configure:8741: checking for gcc option to produce PIC
configure:8748: result: -fno-common -DPIC
configure:8756: checking if gcc PIC flag -fno-common -DPIC works
configure:8774: gcc -c -g -O2  -fno-common -DPIC -DPIC conftest.c >&5
configure:8778: $? = 0
configure:8791: result: yes
configure:8820: checking if gcc static flag -static works
configure:8848: result: no
configure:8863: checking if gcc supports -c -o file.o
configure:8884: gcc -c -g -O2  -o out/conftest2.o conftest.c >&5
configure:8888: $? = 0
configure:8910: result: yes
configure:8918: checking if gcc supports -c -o file.o
configure:8965: result: yes
configure:8998: checking whether the gcc linker (/Applications/Xcode.app/Contents/Developer/Toolchains/XcodeDefault.xctoolchain/usr/bin/ld) supports shared libraries
configure:10257: result: yes
configure:10497: checking dynamic linker characteristics
configure:11315: result: darwin18.2.0 dyld
configure:11437: checking how to hardcode library paths into programs
configure:11462: result: immediate
configure:12010: checking whether stripping libraries is possible
configure:12024: result: yes
configure:12050: checking if libtool supports shared libraries
configure:12052: result: yes
configure:12055: checking whether to build shared libraries
configure:12080: result: yes
configure:12083: checking whether to build static libraries
configure:12087: result: yes
configure:12173: checking for gcc
configure:12200: result: gcc
configure:12429: checking for C compiler version
configure:12438: gcc --version >&5
Apple LLVM version 10.0.0 (clang-1000.11.45.5)
Target: x86_64-apple-darwin18.2.0
Thread model: posix
InstalledDir: /Applications/Xcode.app/Contents/Developer/Toolchains/XcodeDefault.xctoolchain/usr/bin
Configured with: --prefix=/Applications/Xcode.app/Contents/Developer/usr --with-gxx-include-dir=/usr/include/c++/4.2.1
configure:12449: $? = 0
configure:12438: gcc -v >&5
Configured with: --prefix=/Applications/Xcode.app/Contents/Developer/usr --with-gxx-include-dir=/usr/include/c++/4.2.1
Apple LLVM version 10.0.0 (clang-1000.11.45.5)
Target: x86_64-apple-darwin18.2.0
Thread model: posix
InstalledDir: /Applications/Xcode.app/Contents/Developer/Toolchains/XcodeDefault.xctoolchain/usr/bin
configure:12449: $? = 0
configure:12438: gcc -V >&5
clang: error: argument to '-V' is missing (expected 1 value)
clang: error: no input files
configure:12449: $? = 1
configure:12438: gcc -qversion >&5
clang: error: unknown argument: '-qversion'
clang: error: no input files
configure:12449: $? = 1
configure:12453: checking whether we are using the GNU C compiler
configure:12481: result: yes
configure:12490: checking whether gcc accepts -g
configure:12551: result: yes
configure:12568: checking for gcc option to accept ISO C89
configure:12644: result: none needed
configure:12669: checking whether gcc understands -c and -o together
configure:12706: result: yes
configure:12725: checking dependency style of gcc
configure:12836: result: gcc3
configure:12909: checking for g++
configure:12925: found /usr/bin/g++
configure:12936: result: g++
configure:12963: checking for C++ compiler version
configure:12972: g++ --version >&5
Apple LLVM version 10.0.0 (clang-1000.11.45.5)
Target: x86_64-apple-darwin18.2.0
Thread model: posix
InstalledDir: /Applications/Xcode.app/Contents/Developer/Toolchains/XcodeDefault.xctoolchain/usr/bin
Configured with: --prefix=/Applications/Xcode.app/Contents/Developer/usr --with-gxx-include-dir=/usr/include/c++/4.2.1
configure:12983: $? = 0
configure:12972: g++ -v >&5
Configured with: --prefix=/Applications/Xcode.app/Contents/Developer/usr --with-gxx-include-dir=/usr/include/c++/4.2.1
Apple LLVM version 10.0.0 (clang-1000.11.45.5)
Target: x86_64-apple-darwin18.2.0
Thread model: posix
InstalledDir: /Applications/Xcode.app/Contents/Developer/Toolchains/XcodeDefault.xctoolchain/usr/bin
configure:12983: $? = 0
configure:12972: g++ -V >&5
clang: error: argument to '-V' is missing (expected 1 value)
clang: error: no input files
configure:12983: $? = 1
configure:12972: g++ -qversion >&5
clang: error: unknown argument: '-qversion'
clang: error: no input files
configure:12983: $? = 1
configure:12987: checking whether we are using the GNU C++ compiler
configure:13006: g++ -c   conftest.cpp >&5
configure:13006: $? = 0
configure:13015: result: yes
configure:13024: checking whether g++ accepts -g
configure:13044: g++ -c -g  conftest.cpp >&5
configure:13044: $? = 0
configure:13085: result: yes
configure:13110: checking dependency style of g++
configure:13221: result: gcc3
configure:13254: checking how to run the C++ preprocessor
configure:13281: g++ -E  conftest.cpp
configure:13281: $? = 0
configure:13295: g++ -E  conftest.cpp
conftest.cpp:23:10: fatal error: 'ac_nonexistent.h' file not found
#include <ac_nonexistent.h>
         ^~~~~~~~~~~~~~~~~~
1 error generated.
configure:13295: $? = 1
configure: failed program was:
| /* confdefs.h */
| #define PACKAGE_NAME "mathview"
| #define PACKAGE_TARNAME "mathview"
| #define PACKAGE_VERSION "1.0.0"
| #define PACKAGE_STRING "mathview 1.0.0"
| #define PACKAGE_BUGREPORT ""
| #define PACKAGE_URL ""
| #define PACKAGE "mathview"
| #define VERSION "1.0.0"
| #define STDC_HEADERS 1
| #define HAVE_SYS_TYPES_H 1
| #define HAVE_SYS_STAT_H 1
| #define HAVE_STDLIB_H 1
| #define HAVE_STRING_H 1
| #define HAVE_MEMORY_H 1
| #define HAVE_STRINGS_H 1
| #define HAVE_INTTYPES_H 1
| #define HAVE_STDINT_H 1
| #define HAVE_UNISTD_H 1
| #define HAVE_DLFCN_H 1
| #define LT_OBJDIR ".libs/"
| /* end confdefs.h.  */
| #include <ac_nonexistent.h>
configure:13320: result: g++ -E
configure:13340: g++ -E  conftest.cpp
configure:13340: $? = 0
configure:13354: g++ -E  conftest.cpp
conftest.cpp:23:10: fatal error: 'ac_nonexistent.h' file not found
#include <ac_nonexistent.h>
         ^~~~~~~~~~~~~~~~~~
1 error generated.
configure:13354: $? = 1
configure: failed program was:
| /* confdefs.h */
| #define PACKAGE_NAME "mathview"
| #define PACKAGE_TARNAME "mathview"
| #define PACKAGE_VERSION "1.0.0"
| #define PACKAGE_STRING "mathview 1.0.0"
| #define PACKAGE_BUGREPORT ""
| #define PACKAGE_URL ""
| #define PACKAGE "mathview"
| #define VERSION "1.0.0"
| #define STDC_HEADERS 1
| #define HAVE_SYS_TYPES_H 1
| #define HAVE_SYS_STAT_H 1
| #define HAVE_STDLIB_H 1
| #define HAVE_STRING_H 1
| #define HAVE_MEMORY_H 1
| #define HAVE_STRINGS_H 1
| #define HAVE_INTTYPES_H 1
| #define HAVE_STDINT_H 1
| #define HAVE_UNISTD_H 1
| #define HAVE_DLFCN_H 1
| #define LT_OBJDIR ".libs/"
| /* end confdefs.h.  */
| #include <ac_nonexistent.h>
configure:13516: checking for ld used by g++
configure:13583: result: /Applications/Xcode.app/Contents/Developer/Toolchains/XcodeDefault.xctoolchain/usr/bin/ld
configure:13590: checking if the linker (/Applications/Xcode.app/Contents/Developer/Toolchains/XcodeDefault.xctoolchain/usr/bin/ld) is GNU ld
configure:13605: result: no
configure:13660: checking whether the g++ linker (/Applications/Xcode.app/Contents/Developer/Toolchains/XcodeDefault.xctoolchain/usr/bin/ld) supports shared libraries
configure:14733: result: yes
configure:14769: g++ -c -g -O2  conftest.cpp >&5
configure:14772: $? = 0
configure:15253: checking for g++ option to produce PIC
configure:15260: result: -fno-common -DPIC
configure:15268: checking if g++ PIC flag -fno-common -DPIC works
configure:15286: g++ -c -g -O2  -fno-common -DPIC -DPIC conftest.cpp >&5
configure:15290: $? = 0
configure:15303: result: yes
configure:15326: checking if g++ static flag -static works
configure:15354: result: no
configure:15366: checking if g++ supports -c -o file.o
configure:15387: g++ -c -g -O2  -o out/conftest2.o conftest.cpp >&5
configure:15391: $? = 0
configure:15413: result: yes
configure:15418: checking if g++ supports -c -o file.o
configure:15465: result: yes
configure:15495: checking whether the g++ linker (/Applications/Xcode.app/Contents/Developer/Toolchains/XcodeDefault.xctoolchain/usr/bin/ld) supports shared libraries
configure:15535: result: yes
configure:15676: checking dynamic linker characteristics
configure:16421: result: darwin18.2.0 dyld
configure:16486: checking how to hardcode library paths into programs
configure:16511: result: immediate
configure:16558: checking whether g++ supports C++11 features by default
configure:16592: g++ -c -g -O2  conftest.cpp >&5
conftest.cpp:27:21: error: expected parameter declarator
      static_assert(sizeof(int) <= sizeof(T), "not big enough");
                    ^
conftest.cpp:27:21: error: expected ')'
conftest.cpp:27:20: note: to match this '('
      static_assert(sizeof(int) <= sizeof(T), "not big enough");
                   ^
conftest.cpp:27:7: error: C++ requires a type specifier for all declarations
      static_assert(sizeof(int) <= sizeof(T), "not big enough");
      ^
conftest.cpp:34:22: warning: 'override' keyword is a C++11 extension [-Wc++11-extensions]
    virtual void f() override {}
                     ^
conftest.cpp:37:29: error: a space is required between consecutive right angle brackets (use '> >')
    typedef check<check<bool>> right_angle_brackets;
                            ^~
                            > >
conftest.cpp:40:5: error: unknown type name 'decltype'
    decltype(a) b;
    ^
conftest.cpp:40:16: error: expected ';' after top level declarator
    decltype(a) b;
               ^
               ;
conftest.cpp:44:15: warning: rvalue references are a C++11 extension [-Wc++11-extensions]
    check_type&& cr = static_cast<check_type&&>(c);
              ^
conftest.cpp:44:45: warning: rvalue references are a C++11 extension [-Wc++11-extensions]
    check_type&& cr = static_cast<check_type&&>(c);
                                            ^
conftest.cpp:46:5: warning: 'auto' type specifier is a C++11 extension [-Wc++11-extensions]
    auto d = a;
    ^
conftest.cpp:47:5: warning: 'auto' type specifier is a C++11 extension [-Wc++11-extensions]
    auto l = [](){};
    ^
conftest.cpp:47:14: error: expected expression
    auto l = [](){};
             ^
5 warnings and 7 errors generated.
configure:16592: $? = 1
configure: failed program was:
| /* confdefs.h */
| #define PACKAGE_NAME "mathview"
| #define PACKAGE_TARNAME "mathview"
| #define PACKAGE_VERSION "1.0.0"
| #define PACKAGE_STRING "mathview 1.0.0"
| #define PACKAGE_BUGREPORT ""
| #define PACKAGE_URL ""
| #define PACKAGE "mathview"
| #define VERSION "1.0.0"
| #define STDC_HEADERS 1
| #define HAVE_SYS_TYPES_H 1
| #define HAVE_SYS_STAT_H 1
| #define HAVE_STDLIB_H 1
| #define HAVE_STRING_H 1
| #define HAVE_MEMORY_H 1
| #define HAVE_STRINGS_H 1
| #define HAVE_INTTYPES_H 1
| #define HAVE_STDINT_H 1
| #define HAVE_UNISTD_H 1
| #define HAVE_DLFCN_H 1
| #define LT_OBJDIR ".libs/"
| /* end confdefs.h.  */
| 
|   template <typename T>
|     struct check
|     {
|       static_assert(sizeof(int) <= sizeof(T), "not big enough");
|     };
| 
|     struct Base {
|     virtual void f() {}
|     };
|     struct Child : public Base {
|     virtual void f() override {}
|     };
| 
|     typedef check<check<bool>> right_angle_brackets;
| 
|     int a;
|     decltype(a) b;
| 
|     typedef check<int> check_type;
|     check_type c;
|     check_type&& cr = static_cast<check_type&&>(c);
| 
|     auto d = a;
|     auto l = [](){};
| 
configure:16599: result: no
configure:16610: checking whether g++ supports C++11 features with -std=c++11
configure:16646: g++ -c -g -O2 -std=c++11  conftest.cpp >&5
configure:16646: $? = 0
configure:16655: result: yes
configure:16743: checking for pkg-config
configure:16761: found /usr/local/bin/pkg-config
configure:16773: result: /usr/local/bin/pkg-config
configure:16798: checking pkg-config is at least version 0.20
configure:16801: result: yes
configure:16813: checking whether byte ordering is bigendian
configure:16828: gcc -c -g -O2  conftest.c >&5
configure:16828: $? = 0
configure:16873: gcc -c -g -O2  conftest.c >&5
configure:16873: $? = 0
configure:16891: gcc -c -g -O2  conftest.c >&5
conftest.c:30:4: error: use of undeclared identifier 'not'
                 not big endian
                 ^
1 error generated.
configure:16891: $? = 1
configure: failed program was:
| /* confdefs.h */
| #define PACKAGE_NAME "mathview"
| #define PACKAGE_TARNAME "mathview"
| #define PACKAGE_VERSION "1.0.0"
| #define PACKAGE_STRING "mathview 1.0.0"
| #define PACKAGE_BUGREPORT ""
| #define PACKAGE_URL ""
| #define PACKAGE "mathview"
| #define VERSION "1.0.0"
| #define STDC_HEADERS 1
| #define HAVE_SYS_TYPES_H 1
| #define HAVE_SYS_STAT_H 1
| #define HAVE_STDLIB_H 1
| #define HAVE_STRING_H 1
| #define HAVE_MEMORY_H 1
| #define HAVE_STRINGS_H 1
| #define HAVE_INTTYPES_H 1
| #define HAVE_STDINT_H 1
| #define HAVE_UNISTD_H 1
| #define HAVE_DLFCN_H 1
| #define LT_OBJDIR ".libs/"
| /* end confdefs.h.  */
| #include <sys/types.h>
| 		#include <sys/param.h>
| 
| int
| main ()
| {
| #if BYTE_ORDER != BIG_ENDIAN
| 		 not big endian
| 		#endif
| 
|   ;
|   return 0;
| }
configure:17019: result: no
configure:17041: checking for harfbuzz
configure:17065: $PKG_CONFIG --exists --print-errors "harfbuzz"
configure:17068: $? = 0
configure:17106: result: yes
configure:17123: checking for Qt5Core >= 5 Qt5Widgets Qt5Gui
configure:17130: $PKG_CONFIG --exists --print-errors "Qt5Core >= 5 Qt5Widgets Qt5Gui"
configure:17133: $? = 0
configure:17147: $PKG_CONFIG --exists --print-errors "Qt5Core >= 5 Qt5Widgets Qt5Gui"
configure:17150: $? = 0
configure:17188: result: yes
configure:17196: checking for moc-qt5
configure:17229: result: no
configure:17196: checking for moc
configure:17214: found /usr/local/Cellar/qt/5.11.2/bin/moc
configure:17226: result: /usr/local/Cellar/qt/5.11.2/bin/moc
configure:17240: checking for rcc-qt5
configure:17271: result: rcc
configure:17283: checking for uic-qt5
configure:17316: result: no
configure:17283: checking for uic
configure:17301: found /usr/local/Cellar/qt/5.11.2/bin/uic
configure:17313: result: /usr/local/Cellar/qt/5.11.2/bin/uic
configure:17672: checking for libxml-2.0 >= 2.6.7
configure:17679: $PKG_CONFIG --exists --print-errors "libxml-2.0 >= 2.6.7"
configure:17682: $? = 0
configure:17696: $PKG_CONFIG --exists --print-errors "libxml-2.0 >= 2.6.7"
configure:17699: $? = 0
configure:17737: result: yes
configure:18020: checking that generated files are newer than configure
configure:18026: result: done
configure:18086: creating ./config.status

## ---------------------- ##
## Running config.status. ##
## ---------------------- ##

This file was extended by mathview config.status 1.0.0, which was
generated by GNU Autoconf 2.69.  Invocation command line was

  CONFIG_FILES    = 
  CONFIG_HEADERS  = 
  CONFIG_LINKS    = 
  CONFIG_COMMANDS = 
  $ ./config.status 

on MacBook-Pro-nmikhnenko.local

config.status:1202: creating Makefile
config.status:1202: creating scripts/Makefile
config.status:1202: creating auto/Makefile
config.status:1202: creating src/Makefile
config.status:1202: creating viewer/Makefile
config.status:1202: creating doc/Makefile
config.status:1202: creating mathview-core.pc
config.status:1202: creating mathview-frontend-custom-reader.pc
config.status:1202: creating mathview-frontend-libxml2-reader.pc
config.status:1202: creating mathview-frontend-libxml2.pc
config.status:1202: creating mathview-backend-cairo.pc
config.status:1202: creating mathview-backend-qt.pc
config.status:1202: creating mathview-widget-qt.pc
config.status:1202: creating gtkmathview-custom-reader.pc
config.status:1202: creating gtkmathview-libxml2-reader.pc
config.status:1202: creating gtkmathview-libxml2.pc
config.status:1202: creating config.h
config.status:1416: executing depfiles commands
config.status:1493: cd src       && sed -e '/# am--include-marker/d' Makefile         | make -f - am--depfiles
config.status:1498: $? = 0
config.status:1493: cd viewer       && sed -e '/# am--include-marker/d' Makefile         | make -f - am--depfiles
config.status:1498: $? = 0
config.status:1416: executing libtool commands

## ---------------- ##
## Cache variables. ##
## ---------------- ##

ac_cv_build=x86_64-apple-darwin18.2.0
ac_cv_c_bigendian=no
ac_cv_c_compiler_gnu=yes
ac_cv_cxx_compiler_gnu=yes
ac_cv_env_CAIRO_CFLAGS_set=
ac_cv_env_CAIRO_CFLAGS_value=
ac_cv_env_CAIRO_LIBS_set=
ac_cv_env_CAIRO_LIBS_value=
ac_cv_env_CCC_set=
ac_cv_env_CCC_value=
ac_cv_env_CC_set=
ac_cv_env_CC_value=
ac_cv_env_CFLAGS_set=
ac_cv_env_CFLAGS_value=
ac_cv_env_CPPFLAGS_set=
ac_cv_env_CPPFLAGS_value=
ac_cv_env_CPP_set=
ac_cv_env_CPP_value=
ac_cv_env_CXXCPP_set=
ac_cv_env_CXXCPP_value=
ac_cv_env_CXXFLAGS_set=
ac_cv_env_CXXFLAGS_value=
ac_cv_env_CXX_set=
ac_cv_env_CXX_value=
ac_cv_env_GLIB_CFLAGS_set=
ac_cv_env_GLIB_CFLAGS_value=
ac_cv_env_GLIB_LIBS_set=
ac_cv_env_GLIB_LIBS_value=
ac_cv_env_GTK_CFLAGS_set=
ac_cv_env_GTK_CFLAGS_value=
ac_cv_env_GTK_LIBS_set=
ac_cv_env_GTK_LIBS_value=
ac_cv_env_HARFBUZZ_CFLAGS_set=set
ac_cv_env_HARFBUZZ_CFLAGS_value=-I/usr/local/include/harfbuzz
ac_cv_env_HARFBUZZ_LIBS_set=
ac_cv_env_HARFBUZZ_LIBS_value=
ac_cv_env_LDFLAGS_set=
ac_cv_env_LDFLAGS_value=
ac_cv_env_LIBS_set=
ac_cv_env_LIBS_value=
ac_cv_env_LT_SYS_LIBRARY_PATH_set=
ac_cv_env_LT_SYS_LIBRARY_PATH_value=
ac_cv_env_PKG_CONFIG_LIBDIR_set=
ac_cv_env_PKG_CONFIG_LIBDIR_value=
ac_cv_env_PKG_CONFIG_PATH_set=set
ac_cv_env_PKG_CONFIG_PATH_value=/usr/local/opt/qt5/lib/pkgconfig/
ac_cv_env_PKG_CONFIG_set=
ac_cv_env_PKG_CONFIG_value=
ac_cv_env_QT_CFLAGS_set=
ac_cv_env_QT_CFLAGS_value=
ac_cv_env_QT_LIBS_set=
ac_cv_env_QT_LIBS_value=
ac_cv_env_XML_CFLAGS_set=
ac_cv_env_XML_CFLAGS_value=
ac_cv_env_XML_LIBS_set=
ac_cv_env_XML_LIBS_value=
ac_cv_env_build_alias_set=
ac_cv_env_build_alias_value=
ac_cv_env_host_alias_set=
ac_cv_env_host_alias_value=
ac_cv_env_target_alias_set=
ac_cv_env_target_alias_value=
ac_cv_header_dlfcn_h=yes
ac_cv_header_inttypes_h=yes
ac_cv_header_memory_h=yes
ac_cv_header_stdc=yes
ac_cv_header_stdint_h=yes
ac_cv_header_stdlib_h=yes
ac_cv_header_string_h=yes
ac_cv_header_strings_h=yes
ac_cv_header_sys_stat_h=yes
ac_cv_header_sys_types_h=yes
ac_cv_header_unistd_h=yes
ac_cv_host=x86_64-apple-darwin18.2.0
ac_cv_objext=o
ac_cv_path_EGREP='/usr/bin/grep -E'
ac_cv_path_FGREP='/usr/bin/grep -F'
ac_cv_path_GREP=/usr/bin/grep
ac_cv_path_MOC=/usr/local/Cellar/qt/5.11.2/bin/moc
ac_cv_path_RCC=rcc
ac_cv_path_SED=/usr/bin/sed
ac_cv_path_UIC=/usr/local/Cellar/qt/5.11.2/bin/uic
ac_cv_path_ac_pt_PKG_CONFIG=/usr/local/bin/pkg-config
ac_cv_path_install='/usr/local/bin/ginstall -c'
ac_cv_path_lt_DD=/bin/dd
ac_cv_path_mkdir=/usr/local/bin/gmkdir
ac_cv_prog_AWK=awk
ac_cv_prog_CPP='gcc -E'
ac_cv_prog_CXXCPP='g++ -E'
ac_cv_prog_ac_ct_AR=ar
ac_cv_prog_ac_ct_CC=gcc
ac_cv_prog_ac_ct_CXX=g++
ac_cv_prog_ac_ct_DSYMUTIL=dsymutil
ac_cv_prog_ac_ct_LIPO=lipo
ac_cv_prog_ac_ct_NMEDIT=nmedit
ac_cv_prog_ac_ct_OBJDUMP=objdump
ac_cv_prog_ac_ct_OTOOL=otool
ac_cv_prog_ac_ct_RANLIB=ranlib
ac_cv_prog_ac_ct_STRIP=strip
ac_cv_prog_cc_c89=
ac_cv_prog_cc_g=yes
ac_cv_prog_cxx_g=yes
ac_cv_prog_make_make_set=yes
am_cv_CC_dependencies_compiler_type=gcc3
am_cv_CXX_dependencies_compiler_type=gcc3
am_cv_make_support_nested_variables=yes
am_cv_prog_cc_c_o=yes
ax_cv_cxx_compile_cxx11=no
ax_cv_cxx_compile_cxx11__std_cpp11=yes
lt_cv_apple_cc_single_mod=yes
lt_cv_ar_at_file=no
lt_cv_deplibs_check_method=pass_all
lt_cv_file_magic_cmd='$MAGIC_CMD'
lt_cv_file_magic_test_file=
lt_cv_ld_exported_symbols_list=yes
lt_cv_ld_force_load=yes
lt_cv_ld_reload_flag=-r
lt_cv_nm_interface='BSD nm'
lt_cv_objdir=.libs
lt_cv_path_LD=/Applications/Xcode.app/Contents/Developer/Toolchains/XcodeDefault.xctoolchain/usr/bin/ld
lt_cv_path_LDCXX=/Applications/Xcode.app/Contents/Developer/Toolchains/XcodeDefault.xctoolchain/usr/bin/ld
lt_cv_path_NM='/usr/bin/nm -B'
lt_cv_path_mainfest_tool=no
lt_cv_prog_compiler_c_o=yes
lt_cv_prog_compiler_c_o_CXX=yes
lt_cv_prog_compiler_pic='-fno-common -DPIC'
lt_cv_prog_compiler_pic_CXX='-fno-common -DPIC'
lt_cv_prog_compiler_pic_works=yes
lt_cv_prog_compiler_pic_works_CXX=yes
lt_cv_prog_compiler_rtti_exceptions=yes
lt_cv_prog_compiler_static_works=no
lt_cv_prog_compiler_static_works_CXX=no
lt_cv_prog_gnu_ld=no
lt_cv_prog_gnu_ldcxx=no
lt_cv_sharedlib_from_linklib_cmd='printf %s\n'
lt_cv_sys_global_symbol_pipe='sed -n -e '\''s/^.*[	 ]\([BCDEGRST][BCDEGRST]*\)[	 ][	 ]*_\([_A-Za-z][_A-Za-z0-9]*\)$/\1 _\2 \2/p'\'' | sed '\''/ __gnu_lto/d'\'''
lt_cv_sys_global_symbol_to_c_name_address='sed -n -e '\''s/^: \(.*\) .*$/  {"\1", (void *) 0},/p'\'' -e '\''s/^[BCDEGRST][BCDEGRST]* .* \(.*\)$/  {"\1", (void *) \&\1},/p'\'''
lt_cv_sys_global_symbol_to_c_name_address_lib_prefix='sed -n -e '\''s/^: \(.*\) .*$/  {"\1", (void *) 0},/p'\'' -e '\''s/^[BCDEGRST][BCDEGRST]* .* \(lib.*\)$/  {"\1", (void *) \&\1},/p'\'' -e '\''s/^[BCDEGRST][BCDEGRST]* .* \(.*\)$/  {"lib\1", (void *) \&\1},/p'\'''
lt_cv_sys_global_symbol_to_cdecl='sed -n -e '\''s/^T .* \(.*\)$/extern int \1();/p'\'' -e '\''s/^[BCDEGRST][BCDEGRST]* .* \(.*\)$/extern char \1;/p'\'''
lt_cv_sys_global_symbol_to_import=
lt_cv_sys_max_cmd_len=196608
lt_cv_to_host_file_cmd=func_convert_file_noop
lt_cv_to_tool_file_cmd=func_convert_file_noop
lt_cv_truncate_bin='/bin/dd bs=4096 count=1'
pkg_cv_HARFBUZZ_CFLAGS=-I/usr/local/include/harfbuzz
pkg_cv_HARFBUZZ_LIBS='-L/usr/local/Cellar/harfbuzz/1.9.0/lib -lharfbuzz'
pkg_cv_QT_CFLAGS='-DQT_WIDGETS_LIB -DQT_GUI_LIB -DQT_CORE_LIB -I/usr/local/Cellar/qt/5.11.2/include/QtWidgets -I/usr/local/Cellar/qt/5.11.2/include -I/usr/local/Cellar/qt/5.11.2/include/QtGui -I/usr/local/Cellar/qt/5.11.2/include -I/usr/local/Cellar/qt/5.11.2/include/QtCore -I/usr/local/Cellar/qt/5.11.2/include'
pkg_cv_QT_LIBS='-F/usr/local/Cellar/qt/5.11.2/lib -framework QtWidgets -F/usr/local/Cellar/qt/5.11.2/lib -framework QtGui -F/usr/local/Cellar/qt/5.11.2/lib -framework QtCore'
pkg_cv_XML_CFLAGS=-I/usr/include/libxml2
pkg_cv_XML_LIBS=-lxml2

## ----------------- ##
## Output variables. ##
## ----------------- ##

ACLOCAL='${SHELL} /Users/n.mikhnenko/mathviewlib/missing aclocal-1.16'
AMDEPBACKSLASH='\'
AMDEP_FALSE='#'
AMDEP_TRUE=''
AMTAR='$${TAR-tar}'
AM_BACKSLASH='\'
AM_DEFAULT_V='$(AM_DEFAULT_VERBOSITY)'
AM_DEFAULT_VERBOSITY='0'
AM_V='$(V)'
AR='ar'
AUTOCONF='${SHELL} /Users/n.mikhnenko/mathviewlib/missing autoconf'
AUTOHEADER='${SHELL} /Users/n.mikhnenko/mathviewlib/missing autoheader'
AUTOMAKE='${SHELL} /Users/n.mikhnenko/mathviewlib/missing automake-1.16'
AWK='awk'
CAIRO_CFLAGS=''
CAIRO_LIBS=''
CC='gcc'
CCDEPMODE='depmode=gcc3'
CFLAGS='-g -O2 -W -Wall -Wno-unused-parameter -Wno-sign-compare'
CPP='gcc -E'
CPPFLAGS=''
CXX='g++'
CXXCPP='g++ -E'
CXXDEPMODE='depmode=gcc3'
CXXFLAGS='-g -O2 -std=c++11 -W -Wall -Wno-unused-parameter -Wno-sign-compare'
CYGPATH_W='echo'
DEFS='-DHAVE_CONFIG_H'
DEPDIR='.deps'
DLLTOOL='false'
DSYMUTIL='dsymutil'
DUMPBIN=''
ECHO_C='\c'
ECHO_N=''
ECHO_T=''
EGREP='/usr/bin/grep -E'
EXEEXT=''
FGREP='/usr/bin/grep -F'
GLIB_CFLAGS=''
GLIB_GENMARSHAL=''
GLIB_LIBS=''
GREP='/usr/bin/grep'
GTK_CFLAGS=''
GTK_LIBS=''
HARFBUZZ_CFLAGS='-I/usr/local/include/harfbuzz'
HARFBUZZ_LIBS='-L/usr/local/Cellar/harfbuzz/1.9.0/lib -lharfbuzz'
HAVE_CAIRO_FALSE=''
HAVE_CAIRO_TRUE='#'
HAVE_CUSTOM_READER_FALSE=''
HAVE_CUSTOM_READER_TRUE='#'
HAVE_CXX11=''
HAVE_GLIB_FALSE=''
HAVE_GLIB_TRUE='#'
HAVE_GTK_FALSE=''
HAVE_GTK_TRUE='#'
HAVE_LIBXML2_FALSE='#'
HAVE_LIBXML2_READER_FALSE=''
HAVE_LIBXML2_READER_TRUE='#'
HAVE_LIBXML2_TRUE=''
HAVE_QT_FALSE='#'
HAVE_QT_TRUE=''
INSTALL_DATA='${INSTALL} -m 644'
INSTALL_PROGRAM='${INSTALL}'
INSTALL_SCRIPT='${INSTALL}'
INSTALL_STRIP_PROGRAM='$(install_sh) -c -s'
LD='/Applications/Xcode.app/Contents/Developer/Toolchains/XcodeDefault.xctoolchain/usr/bin/ld'
LDFLAGS=''
LIBOBJS=''
LIBS=''
LIBTOOL='$(SHELL) $(top_builddir)/libtool'
LIPO='lipo'
LN_S='ln -s'
LTLIBOBJS=''
LT_SYS_LIBRARY_PATH=''
MAJOR_VERSION='1'
MAKEINFO='${SHELL} /Users/n.mikhnenko/mathviewlib/missing makeinfo'
MANIFEST_TOOL=':'
MATHVIEW_VERSION_INFO='1:0:0'
MICRO_VERSION='0'
MINOR_VERSION='0'
MKDIR_P='/usr/local/bin/gmkdir -p'
MOC='/usr/local/Cellar/qt/5.11.2/bin/moc'
NM='/usr/bin/nm -B'
NMEDIT='nmedit'
OBJDUMP='objdump'
OBJEXT='o'
OTOOL64=':'
OTOOL='otool'
PACKAGE='mathview'
PACKAGE_BUGREPORT=''
PACKAGE_NAME='mathview'
PACKAGE_STRING='mathview 1.0.0'
PACKAGE_TARNAME='mathview'
PACKAGE_URL=''
PACKAGE_VERSION='1.0.0'
PATH_SEPARATOR=':'
PKG_CONFIG='/usr/local/bin/pkg-config'
PKG_CONFIG_LIBDIR=''
PKG_CONFIG_PATH='/usr/local/opt/qt5/lib/pkgconfig/'
PYTHON='${SHELL} /Users/n.mikhnenko/mathviewlib/missing python2.7'
QT_CFLAGS='-DQT_WIDGETS_LIB -DQT_GUI_LIB -DQT_CORE_LIB -I/usr/local/Cellar/qt/5.11.2/include/QtWidgets -I/usr/local/Cellar/qt/5.11.2/include -I/usr/local/Cellar/qt/5.11.2/include/QtGui -I/usr/local/Cellar/qt/5.11.2/include -I/usr/local/Cellar/qt/5.11.2/include/QtCore -I/usr/local/Cellar/qt/5.11.2/include'
QT_LIBS='-F/usr/local/Cellar/qt/5.11.2/lib -framework QtWidgets -F/usr/local/Cellar/qt/5.11.2/lib -framework QtGui -F/usr/local/Cellar/qt/5.11.2/lib -framework QtCore'
RANLIB='ranlib'
RCC='rcc'
SED='/usr/bin/sed'
SET_MAKE=''
SHELL='/bin/sh'
STRIP='strip'
UIC='/usr/local/Cellar/qt/5.11.2/bin/uic'
VERSION='1.0.0'
XML2_CONFIG=''
XML_CFLAGS='-I/usr/include/libxml2'
XML_LIBS='-lxml2'
ac_ct_AR='ar'
ac_ct_CC='gcc'
ac_ct_CXX='g++'
ac_ct_DUMPBIN=''
am__EXEEXT_FALSE=''
am__EXEEXT_TRUE='#'
am__fastdepCC_FALSE='#'
am__fastdepCC_TRUE=''
am__fastdepCXX_FALSE='#'
am__fastdepCXX_TRUE=''
am__include='include'
am__isrc=' -I$(srcdir)'
am__leading_dot='.'
am__nodep='_no'
am__quote=''
am__tar='$${TAR-tar} chof - "$$tardir"'
am__untar='$${TAR-tar} xf -'
bindir='${exec_prefix}/bin'
build='x86_64-apple-darwin18.2.0'
build_alias=''
build_cpu='x86_64'
build_os='darwin18.2.0'
build_vendor='apple'
datadir='${datarootdir}'
datarootdir='${prefix}/share'
docdir='${datarootdir}/doc/${PACKAGE_TARNAME}'
dvidir='${docdir}'
exec_prefix='${prefix}'
host='x86_64-apple-darwin18.2.0'
host_alias=''
host_cpu='x86_64'
host_os='darwin18.2.0'
host_vendor='apple'
htmldir='${docdir}'
includedir='${prefix}/include'
infodir='${datarootdir}/info'
install_sh='${SHELL} /Users/n.mikhnenko/mathviewlib/install-sh'
libdir='${exec_prefix}/lib'
libexecdir='${exec_prefix}/libexec'
localedir='${datarootdir}/locale'
localstatedir='${prefix}/var'
mandir='${datarootdir}/man'
mkdir_p='$(MKDIR_P)'
oldincludedir='/usr/include'
pdfdir='${docdir}'
prefix='/Users/n.mikhnenko/mathviewlib/build/../install'
program_transform_name='s,x,x,'
psdir='${docdir}'
sbindir='${exec_prefix}/sbin'
sharedstatedir='${prefix}/com'
sysconfdir='${prefix}/etc'
target_alias=''

## ----------- ##
## confdefs.h. ##
## ----------- ##

/* confdefs.h */
#define PACKAGE_NAME "mathview"
#define PACKAGE_TARNAME "mathview"
#define PACKAGE_VERSION "1.0.0"
#define PACKAGE_STRING "mathview 1.0.0"
#define PACKAGE_BUGREPORT ""
#define PACKAGE_URL ""
#define PACKAGE "mathview"
#define VERSION "1.0.0"
#define STDC_HEADERS 1
#define HAVE_SYS_TYPES_H 1
#define HAVE_SYS_STAT_H 1
#define HAVE_STDLIB_H 1
#define HAVE_STRING_H 1
#define HAVE_MEMORY_H 1
#define HAVE_STRINGS_H 1
#define HAVE_INTTYPES_H 1
#define HAVE_STDINT_H 1
#define HAVE_UNISTD_H 1
#define HAVE_DLFCN_H 1
#define LT_OBJDIR ".libs/"
#define HAVE_QT 1
#define HAVE_LIBXML 1

configure: exit 0

## ---------------------- ##
## Running config.status. ##
## ---------------------- ##

This file was extended by mathview config.status 1.0.0, which was
generated by GNU Autoconf 2.69.  Invocation command line was

  CONFIG_FILES    = 
  CONFIG_HEADERS  = 
  CONFIG_LINKS    = 
  CONFIG_COMMANDS = 
  $ ./config.status viewer/Makefile depfiles

on MacBook-Pro-nmikhnenko.local

config.status:1202: creating viewer/Makefile
config.status:1416: executing depfiles commands
config.status:1493: cd viewer       && sed -e '/# am--include-marker/d' Makefile         | make -f - am--depfiles
config.status:1498: $? = 0

## ---------------------- ##
## Running config.status. ##
## ---------------------- ##

This file was extended by mathview config.status 1.0.0, which was
generated by GNU Autoconf 2.69.  Invocation command line was

  CONFIG_FILES    = 
  CONFIG_HEADERS  = 
  CONFIG_LINKS    = 
  CONFIG_COMMANDS = 
  $ ./config.status viewer/Makefile depfiles

on MacBook-Pro-nmikhnenko.local

config.status:1202: creating viewer/Makefile
config.status:1416: executing depfiles commands
config.status:1493: cd viewer       && sed -e '/# am--include-marker/d' Makefile         | make -f - am--depfiles
make[2]: Nothing to be done for `am--depfiles'.
config.status:1498: $? = 0
